<?xml version="1.0" encoding="UTF-8"?>
<!-- Generated by org.testng.reporters.JUnitReportReporter -->
<testsuite hostname="LAPTOP-D02KHG01" name="com.javacodegeeks.testng.maven.TestNgMavenExample" tests="1" failures="0" timestamp="1 Feb 2020 14:42:24 GMT" time="0.043" errors="0">
  <testcase name="exampleOfTestNgMaven" time="0.043" classname="com.javacodegeeks.testng.maven.TestNgMavenExample"/>
</testsuite> <!-- com.javacodegeeks.testng.maven.TestNgMavenExample -->
